Conda uses environments to load different sets of Python packages
type conda env list to see the environments availible.
2020-07-19 23:05:49 WARN  NativeCodeLoader:62 - Unable to load native-hadoop library for your platform... using builtin-java classes where applicable

1. Finding optimal parameters for just drug profiles and cell lines

Number of drugs for training: 11
Number of X_columns: 1073
linear kernel, best values for parameter: epsilon
{1: 0.1, 2: 0.1, 3: 5.0, 4: 0.1}
Number of X_columns: 1073
linear kernel, best values for parameter: C
{1: 0.1, 2: 0.1, 3: 0.5, 4: 0.1}

linear kernel: Execution time: 247.778 seconds 

Number of X_columns: 1073
sigmoid kernel, best values for parameter: epsilon
{1: 0.1, 2: 0.1, 3: 5.0, 4: 0.1}
Number of X_columns: 1073
sigmoid kernel, best values for parameter: coef0
{1: 5.0, 2: 10.0, 3: -0.1, 4: 5.0}
Number of X_columns: 1073
sigmoid kernel, best values for parameter: C
{1: 7.0, 2: 0.001, 3: 7.0, 4: 7.0}

sigmoid kernel: Execution time: 248.898 seconds 

Number of X_columns: 1073
poly kernel, best values for parameter: epsilon
{1: 0.1, 2: 0.1, 3: 5.0, 4: 0.01}
Number of X_columns: 1073
poly kernel, best values for parameter: degree
{1: 4.0, 2: 4.0, 3: 5.0, 4: 4.0}
Number of X_columns: 1073
poly kernel, best values for parameter: coef0
{1: 0.1, 2: 0.5, 3: 0.5, 4: 0.0}
Number of X_columns: 1073
poly kernel, best values for parameter: C
{1: 1.0, 2: 1.0, 3: 5.0, 4: 0.1}

poly kernel: Execution time: 328.872 seconds 

Number of X_columns: 1073
rbf kernel, best values for parameter: epsilon
{1: 0.1, 2: 0.1, 3: 5.0, 4: 0.01}
Number of X_columns: 1073
rbf kernel, best values for parameter: coef0
{1: -0.1, 2: -0.1, 3: -0.1, 4: -0.1}
Number of X_columns: 1073
rbf kernel, best values for parameter: C
{1: 5.0, 2: 7.0, 3: 7.0, 4: 0.01}

rbf kernel: Execution time: 266.345 seconds 

Tuned parameters:
{'linear': {'epsilon': {1: 0.1, 2: 0.1, 3: 5.0, 4: 0.1}, 'C': {1: 0.1, 2: 0.1, 3: 0.5, 4: 0.1}}, 'sigmoid': {'C': {1: 7.0, 2: 0.001, 3: 7.0, 4: 7.0}, 'coef0': {1: 5.0, 2: 10.0, 3: -0.1, 4: 5.0}, 'epsilon': {1: 0.1, 2: 0.1, 3: 5.0, 4: 0.1}}, 'poly': {'C': {1: 1.0, 2: 1.0, 3: 5.0, 4: 0.1}, 'degree': {1: 4.0, 2: 4.0, 3: 5.0, 4: 4.0}, 'coef0': {1: 0.1, 2: 0.5, 3: 0.5, 4: 0.0}, 'epsilon': {1: 0.1, 2: 0.1, 3: 5.0, 4: 0.01}}, 'rbf': {'C': {1: 5.0, 2: 7.0, 3: 7.0, 4: 0.01}, 'coef0': {1: -0.1, 2: -0.1, 3: -0.1, 4: -0.1}, 'epsilon': {1: 0.1, 2: 0.1, 3: 5.0, 4: 0.01}}}

Better presentation:
linear 	 {'epsilon': {1: 0.1, 2: 0.1, 3: 5.0, 4: 0.1}, 'C': {1: 0.1, 2: 0.1, 3: 0.5, 4: 0.1}}
sigmoid 	 {'C': {1: 7.0, 2: 0.001, 3: 7.0, 4: 7.0}, 'coef0': {1: 5.0, 2: 10.0, 3: -0.1, 4: 5.0}, 'epsilon': {1: 0.1, 2: 0.1, 3: 5.0, 4: 0.1}}
poly 	 {'C': {1: 1.0, 2: 1.0, 3: 5.0, 4: 0.1}, 'degree': {1: 4.0, 2: 4.0, 3: 5.0, 4: 4.0}, 'coef0': {1: 0.1, 2: 0.5, 3: 0.5, 4: 0.0}, 'epsilon': {1: 0.1, 2: 0.1, 3: 5.0, 4: 0.01}}
rbf 	 {'C': {1: 5.0, 2: 7.0, 3: 7.0, 4: 0.01}, 'coef0': {1: -0.1, 2: -0.1, 3: -0.1, 4: -0.1}, 'epsilon': {1: 0.1, 2: 0.1, 3: 5.0, 4: 0.01}}
Number of X_columns: 1073
      linear_mse_coef1  linear_mse_coef2  linear_mse_coef3  linear_mse_coef4
mean          2.439297          1.972139        818.658713          0.015952
min           0.005902          0.023708         13.185618          0.005421
max          22.929766         19.717879       3101.136767          0.052876
Number of X_columns: 1073
      sigmoid_mse_coef1  ...  sigmoid_mse_coef4
mean           2.327607  ...           0.012619
min            0.002864  ...           0.002622
max           21.920269  ...           0.033314

[3 rows x 4 columns]
Number of X_columns: 1073
      poly_mse_coef1  poly_mse_coef2  poly_mse_coef3  poly_mse_coef4
mean        2.300650        1.904798      856.458021        0.013828
min         0.003225        0.023479       10.239880        0.002177
max        21.612059       19.006832     3089.910933        0.038213
Number of X_columns: 1073
      rbf_mse_coef1  rbf_mse_coef2  rbf_mse_coef3  rbf_mse_coef4
mean       2.155444       1.749660     855.819813       0.013577
min        0.006195       0.022521      11.377018       0.002103
max       19.875280      17.189135    3152.678726       0.036231
         linear    sigmoid       poly        rbf
mean   2.439297   2.327607   2.300650   2.155444
min    0.005902   0.002864   0.003225   0.006195
max   22.929766  21.920269  21.612059  19.875280
Coefficient: 1, best kernel: rbf
         linear    sigmoid       poly        rbf
mean   1.972139   1.912524   1.904798   1.749660
min    0.023708   0.007513   0.023479   0.022521
max   19.717879  19.296128  19.006832  17.189135
Coefficient: 2, best kernel: rbf
           linear      sigmoid         poly          rbf
mean   818.658713   843.481658   856.458021   855.819813
min     13.185618    11.908134    10.239880    11.377018
max   3101.136767  3140.597335  3089.910933  3152.678726
Coefficient: 3, best kernel: linear
        linear   sigmoid      poly       rbf
mean  0.015952  0.012619  0.013828  0.013577
min   0.005421  0.002622  0.002177  0.002103
max   0.052876  0.033314  0.038213  0.036231
Coefficient: 4, best kernel: sigmoid
Best Kernels: {1: 'rbf', 2: 'rbf', 3: 'linear', 4: 'sigmoid'}

compared_means

           linear   sigmoid       poly       rbf
coef_1     2.4393   2.32761    2.30065   2.15544
coef_2    1.97214   1.91252     1.9048   1.74966
coef_3    818.659   843.482    856.458    855.82
coef_4  0.0159518  0.012619  0.0138276  0.013577

2. Finding optimal parameters for drug profiles, cell lines and drug description

Number of drugs for training: 11
Number of X_columns: 1094
linear kernel, best values for parameter: epsilon
{1: 0.1, 2: 0.1, 3: 5.0, 4: 0.1}
Number of X_columns: 1094
linear kernel, best values for parameter: C
{1: 0.1, 2: 0.1, 3: 0.5, 4: 0.1}

linear kernel: Execution time: 251.051 seconds 

Number of X_columns: 1094
sigmoid kernel, best values for parameter: epsilon
{1: 0.1, 2: 0.1, 3: 5.0, 4: 0.1}
Number of X_columns: 1094
sigmoid kernel, best values for parameter: coef0
{1: 5.0, 2: 10.0, 3: -0.1, 4: 5.0}
Number of X_columns: 1094
sigmoid kernel, best values for parameter: C
{1: 7.0, 2: 0.001, 3: 7.0, 4: 7.0}

sigmoid kernel: Execution time: 251.454 seconds 

Number of X_columns: 1094
poly kernel, best values for parameter: epsilon
{1: 0.1, 2: 0.1, 3: 5.0, 4: 0.01}
Number of X_columns: 1094
poly kernel, best values for parameter: degree
{1: 4.0, 2: 5.0, 3: 5.0, 4: 4.0}
Number of X_columns: 1094
poly kernel, best values for parameter: coef0
{1: 0.1, 2: 0.5, 3: 0.5, 4: 0.0}
Number of X_columns: 1094
poly kernel, best values for parameter: C
{1: 1.0, 2: 5.0, 3: 5.0, 4: 0.1}

poly kernel: Execution time: 334.141 seconds 

Number of X_columns: 1094
rbf kernel, best values for parameter: epsilon
{1: 0.1, 2: 0.1, 3: 5.0, 4: 0.01}
Number of X_columns: 1094
rbf kernel, best values for parameter: coef0
{1: -0.1, 2: -0.1, 3: -0.1, 4: -0.1}
Number of X_columns: 1094
rbf kernel, best values for parameter: C
{1: 5.0, 2: 7.0, 3: 7.0, 4: 0.01}

rbf kernel: Execution time: 270.507 seconds 

Tuned parameters:
{'linear': {'epsilon': {1: 0.1, 2: 0.1, 3: 5.0, 4: 0.1}, 'C': {1: 0.1, 2: 0.1, 3: 0.5, 4: 0.1}}, 'sigmoid': {'C': {1: 7.0, 2: 0.001, 3: 7.0, 4: 7.0}, 'coef0': {1: 5.0, 2: 10.0, 3: -0.1, 4: 5.0}, 'epsilon': {1: 0.1, 2: 0.1, 3: 5.0, 4: 0.1}}, 'poly': {'C': {1: 1.0, 2: 5.0, 3: 5.0, 4: 0.1}, 'degree': {1: 4.0, 2: 5.0, 3: 5.0, 4: 4.0}, 'coef0': {1: 0.1, 2: 0.5, 3: 0.5, 4: 0.0}, 'epsilon': {1: 0.1, 2: 0.1, 3: 5.0, 4: 0.01}}, 'rbf': {'C': {1: 5.0, 2: 7.0, 3: 7.0, 4: 0.01}, 'coef0': {1: -0.1, 2: -0.1, 3: -0.1, 4: -0.1}, 'epsilon': {1: 0.1, 2: 0.1, 3: 5.0, 4: 0.01}}}

Better presentation:
linear 	 {'epsilon': {1: 0.1, 2: 0.1, 3: 5.0, 4: 0.1}, 'C': {1: 0.1, 2: 0.1, 3: 0.5, 4: 0.1}}
sigmoid 	 {'C': {1: 7.0, 2: 0.001, 3: 7.0, 4: 7.0}, 'coef0': {1: 5.0, 2: 10.0, 3: -0.1, 4: 5.0}, 'epsilon': {1: 0.1, 2: 0.1, 3: 5.0, 4: 0.1}}
poly 	 {'C': {1: 1.0, 2: 5.0, 3: 5.0, 4: 0.1}, 'degree': {1: 4.0, 2: 5.0, 3: 5.0, 4: 4.0}, 'coef0': {1: 0.1, 2: 0.5, 3: 0.5, 4: 0.0}, 'epsilon': {1: 0.1, 2: 0.1, 3: 5.0, 4: 0.01}}
rbf 	 {'C': {1: 5.0, 2: 7.0, 3: 7.0, 4: 0.01}, 'coef0': {1: -0.1, 2: -0.1, 3: -0.1, 4: -0.1}, 'epsilon': {1: 0.1, 2: 0.1, 3: 5.0, 4: 0.01}}
Number of X_columns: 1094
      linear_mse_coef1  linear_mse_coef2  linear_mse_coef3  linear_mse_coef4
mean          2.439296          1.972214        818.658681          0.015952
min           0.005902          0.023708         13.185618          0.005421
max          22.929766         19.718712       3101.136767          0.052876
Number of X_columns: 1094
      sigmoid_mse_coef1  ...  sigmoid_mse_coef4
mean           2.327617  ...           0.012619
min            0.002864  ...           0.002622
max           21.920354  ...           0.033310

[3 rows x 4 columns]
Number of X_columns: 1094
      poly_mse_coef1  poly_mse_coef2  poly_mse_coef3  poly_mse_coef4
mean        2.300163        1.949955      854.546879        0.013812
min         0.003250        0.024173       10.258940        0.002185
max        21.604352       19.040858     3081.990615        0.038235
Number of X_columns: 1094
      rbf_mse_coef1  rbf_mse_coef2  rbf_mse_coef3  rbf_mse_coef4
mean       2.161458       1.757007     855.851819       0.013578
min        0.006184       0.022465      11.351435       0.002102
max       19.942108      17.271623    3153.317423       0.036238
         linear    sigmoid       poly        rbf
mean   2.439296   2.327617   2.300163   2.161458
min    0.005902   0.002864   0.003250   0.006184
max   22.929766  21.920354  21.604352  19.942108
Coefficient: 1, best kernel: rbf
         linear    sigmoid       poly        rbf
mean   1.972214   1.912524   1.949955   1.757007
min    0.023708   0.007513   0.024173   0.022465
max   19.718712  19.296128  19.040858  17.271623
Coefficient: 2, best kernel: rbf
           linear      sigmoid         poly          rbf
mean   818.658681   843.987281   854.546879   855.851819
min     13.185618    11.840824    10.258940    11.351435
max   3101.136767  3143.215656  3081.990615  3153.317423
Coefficient: 3, best kernel: linear
        linear   sigmoid      poly       rbf
mean  0.015952  0.012619  0.013812  0.013578
min   0.005421  0.002622  0.002185  0.002102
max   0.052876  0.033310  0.038235  0.036238
Coefficient: 4, best kernel: sigmoid
Best Kernels: {1: 'rbf', 2: 'rbf', 3: 'linear', 4: 'sigmoid'}

compared_means

           linear    sigmoid       poly        rbf
coef_1     2.4393    2.32762    2.30016    2.16146
coef_2    1.97221    1.91252    1.94995    1.75701
coef_3    818.659    843.987    854.547    855.852
coef_4  0.0159522  0.0126189  0.0138124  0.0135779

3. Finding optimal parameters for drug profiles, cell lines and drug features

Number of drugs for training: 11
Number of X_columns: 1122
linear kernel, best values for parameter: epsilon
{1: 0.1, 2: 0.1, 3: 5.0, 4: 0.1}
Number of X_columns: 1122
linear kernel, best values for parameter: C
{1: 0.1, 2: 0.1, 3: 0.5, 4: 0.1}

linear kernel: Execution time: 252.630 seconds 

Number of X_columns: 1122
sigmoid kernel, best values for parameter: epsilon
{1: 1.0, 2: 1.0, 3: 5.0, 4: 0.1}
Number of X_columns: 1122
sigmoid kernel, best values for parameter: coef0
{1: 10.0, 2: 10.0, 3: -0.1, 4: -0.1}
Number of X_columns: 1122
sigmoid kernel, best values for parameter: C
{1: 7.0, 2: 0.1, 3: 7.0, 4: 1.0}

sigmoid kernel: Execution time: 209.486 seconds 

Number of X_columns: 1122
poly kernel, best values for parameter: epsilon
{1: 1.0, 2: 1.0, 3: 5.0, 4: 0.1}
Number of X_columns: 1122
poly kernel, best values for parameter: degree
{1: 1.0, 2: 1.0, 3: 5.0, 4: 1.0}
Number of X_columns: 1122
poly kernel, best values for parameter: coef0
{1: 1.0, 2: 5.0, 3: 10.0, 4: 10.0}
Number of X_columns: 1122
poly kernel, best values for parameter: C
{1: 7.0, 2: 0.001, 3: 1.0, 4: 1.0}

poly kernel: Execution time: 240.524 seconds 

Number of X_columns: 1122
rbf kernel, best values for parameter: epsilon
{1: 1.0, 2: 1.0, 3: 5.0, 4: 0.1}
Number of X_columns: 1122
rbf kernel, best values for parameter: coef0
{1: -0.1, 2: -0.1, 3: -0.1, 4: -0.1}
Number of X_columns: 1122
rbf kernel, best values for parameter: C
{1: 7.0, 2: 0.001, 3: 7.0, 4: 7.0}

rbf kernel: Execution time: 212.999 seconds 

Tuned parameters:
{'linear': {'epsilon': {1: 0.1, 2: 0.1, 3: 5.0, 4: 0.1}, 'C': {1: 0.1, 2: 0.1, 3: 0.5, 4: 0.1}}, 'sigmoid': {'C': {1: 7.0, 2: 0.1, 3: 7.0, 4: 1.0}, 'coef0': {1: 10.0, 2: 10.0, 3: -0.1, 4: -0.1}, 'epsilon': {1: 1.0, 2: 1.0, 3: 5.0, 4: 0.1}}, 'poly': {'C': {1: 7.0, 2: 0.001, 3: 1.0, 4: 1.0}, 'degree': {1: 1.0, 2: 1.0, 3: 5.0, 4: 1.0}, 'coef0': {1: 1.0, 2: 5.0, 3: 10.0, 4: 10.0}, 'epsilon': {1: 1.0, 2: 1.0, 3: 5.0, 4: 0.1}}, 'rbf': {'C': {1: 7.0, 2: 0.001, 3: 7.0, 4: 7.0}, 'coef0': {1: -0.1, 2: -0.1, 3: -0.1, 4: -0.1}, 'epsilon': {1: 1.0, 2: 1.0, 3: 5.0, 4: 0.1}}}

Better presentation:
linear 	 {'epsilon': {1: 0.1, 2: 0.1, 3: 5.0, 4: 0.1}, 'C': {1: 0.1, 2: 0.1, 3: 0.5, 4: 0.1}}
sigmoid 	 {'C': {1: 7.0, 2: 0.1, 3: 7.0, 4: 1.0}, 'coef0': {1: 10.0, 2: 10.0, 3: -0.1, 4: -0.1}, 'epsilon': {1: 1.0, 2: 1.0, 3: 5.0, 4: 0.1}}
poly 	 {'C': {1: 7.0, 2: 0.001, 3: 1.0, 4: 1.0}, 'degree': {1: 1.0, 2: 1.0, 3: 5.0, 4: 1.0}, 'coef0': {1: 1.0, 2: 5.0, 3: 10.0, 4: 10.0}, 'epsilon': {1: 1.0, 2: 1.0, 3: 5.0, 4: 0.1}}
rbf 	 {'C': {1: 7.0, 2: 0.001, 3: 7.0, 4: 7.0}, 'coef0': {1: -0.1, 2: -0.1, 3: -0.1, 4: -0.1}, 'epsilon': {1: 1.0, 2: 1.0, 3: 5.0, 4: 0.1}}
Number of X_columns: 1122
      linear_mse_coef1  linear_mse_coef2  linear_mse_coef3  linear_mse_coef4
mean          2.439261          1.972158        818.658321          0.015951
min           0.005902          0.023713         13.185729          0.005421
max          22.929390         19.718241       3101.135227          0.052860
Number of X_columns: 1122
      sigmoid_mse_coef1  ...  sigmoid_mse_coef4
mean           2.220009  ...           0.012616
min            0.009429  ...           0.002621
max           18.586786  ...           0.033249

[3 rows x 4 columns]
Number of X_columns: 1122
      poly_mse_coef1  poly_mse_coef2  poly_mse_coef3  poly_mse_coef4
mean        2.220324        1.887420      814.923649        0.012616
min         0.009429        0.019469       12.301395        0.002621
max        18.586632       16.557562     3100.680713        0.033253
Number of X_columns: 1122
      rbf_mse_coef1  rbf_mse_coef2  rbf_mse_coef3  rbf_mse_coef4
mean       2.220625       1.887420     880.626086       0.012605
min        0.009429       0.019469       9.661376       0.002619
max       18.586470      16.557562    3384.260992       0.033347
         linear    sigmoid       poly        rbf
mean   2.439261   2.220009   2.220324   2.220625
min    0.005902   0.009429   0.009429   0.009429
max   22.929390  18.586786  18.586632  18.586470
Coefficient: 1, best kernel: sigmoid
         linear    sigmoid       poly        rbf
mean   1.972158   1.887420   1.887420   1.887420
min    0.023713   0.019469   0.019469   0.019469
max   19.718241  16.557562  16.557562  16.557562
Coefficient: 2, best kernel: sigmoid
           linear      sigmoid         poly          rbf
mean   818.658321   880.674232   814.923649   880.626086
min     13.185729     9.658951    12.301395     9.661376
max   3101.135227  3384.636736  3100.680713  3384.260992
Coefficient: 3, best kernel: poly
        linear   sigmoid      poly       rbf
mean  0.015951  0.012616  0.012616  0.012605
min   0.005421  0.002621  0.002621  0.002619
max   0.052860  0.033249  0.033253  0.033347
Coefficient: 4, best kernel: rbf
Best Kernels: {1: 'sigmoid', 2: 'sigmoid', 3: 'poly', 4: 'rbf'}

compared_means

           linear    sigmoid      poly        rbf
coef_1    2.43926    2.22001   2.22032    2.22062
coef_2    1.97216    1.88742   1.88742    1.88742
coef_3    818.658    880.674   814.924    880.626
coef_4  0.0159511  0.0126158  0.012616  0.0126051

4. Finding optimal parameters for drug profiles, cell lines and drug features with scaling

Number of drugs for training: 11
Number of X_columns: 1122
linear kernel, best values for parameter: epsilon
{1: 0.1, 2: 0.1, 3: 5.0, 4: 0.1}
Number of X_columns: 1122
linear kernel, best values for parameter: C
{1: 0.1, 2: 0.1, 3: 0.5, 4: 0.1}

linear kernel: Execution time: 252.733 seconds 

Number of X_columns: 1122
sigmoid kernel, best values for parameter: epsilon
{1: 0.1, 2: 0.1, 3: 5.0, 4: 0.1}
Number of X_columns: 1122
sigmoid kernel, best values for parameter: coef0
{1: 5.0, 2: 10.0, 3: -0.1, 4: 5.0}
Number of X_columns: 1122
sigmoid kernel, best values for parameter: C
{1: 7.0, 2: 0.001, 3: 7.0, 4: 7.0}

sigmoid kernel: Execution time: 250.740 seconds 

Number of X_columns: 1122
poly kernel, best values for parameter: epsilon
{1: 0.1, 2: 0.1, 3: 5.0, 4: 0.01}
Number of X_columns: 1122
poly kernel, best values for parameter: degree
{1: 4.0, 2: 5.0, 3: 5.0, 4: 5.0}
Number of X_columns: 1122
poly kernel, best values for parameter: coef0
{1: 0.0, 2: 0.5, 3: 0.5, 4: 0.0}
Number of X_columns: 1122
poly kernel, best values for parameter: C
{1: 5.0, 2: 1.0, 3: 5.0, 4: 0.1}

poly kernel: Execution time: 337.401 seconds 

Number of X_columns: 1122
rbf kernel, best values for parameter: epsilon
{1: 0.1, 2: 0.1, 3: 5.0, 4: 0.01}
Number of X_columns: 1122
rbf kernel, best values for parameter: coef0
{1: -0.1, 2: -0.1, 3: -0.1, 4: -0.1}
Number of X_columns: 1122
rbf kernel, best values for parameter: C
{1: 5.0, 2: 7.0, 3: 7.0, 4: 0.01}

rbf kernel: Execution time: 272.441 seconds 

Tuned parameters:
{'linear': {'epsilon': {1: 0.1, 2: 0.1, 3: 5.0, 4: 0.1}, 'C': {1: 0.1, 2: 0.1, 3: 0.5, 4: 0.1}}, 'sigmoid': {'C': {1: 7.0, 2: 0.001, 3: 7.0, 4: 7.0}, 'coef0': {1: 5.0, 2: 10.0, 3: -0.1, 4: 5.0}, 'epsilon': {1: 0.1, 2: 0.1, 3: 5.0, 4: 0.1}}, 'poly': {'C': {1: 5.0, 2: 1.0, 3: 5.0, 4: 0.1}, 'degree': {1: 4.0, 2: 5.0, 3: 5.0, 4: 5.0}, 'coef0': {1: 0.0, 2: 0.5, 3: 0.5, 4: 0.0}, 'epsilon': {1: 0.1, 2: 0.1, 3: 5.0, 4: 0.01}}, 'rbf': {'C': {1: 5.0, 2: 7.0, 3: 7.0, 4: 0.01}, 'coef0': {1: -0.1, 2: -0.1, 3: -0.1, 4: -0.1}, 'epsilon': {1: 0.1, 2: 0.1, 3: 5.0, 4: 0.01}}}

Better presentation:
linear 	 {'epsilon': {1: 0.1, 2: 0.1, 3: 5.0, 4: 0.1}, 'C': {1: 0.1, 2: 0.1, 3: 0.5, 4: 0.1}}
sigmoid 	 {'C': {1: 7.0, 2: 0.001, 3: 7.0, 4: 7.0}, 'coef0': {1: 5.0, 2: 10.0, 3: -0.1, 4: 5.0}, 'epsilon': {1: 0.1, 2: 0.1, 3: 5.0, 4: 0.1}}
poly 	 {'C': {1: 5.0, 2: 1.0, 3: 5.0, 4: 0.1}, 'degree': {1: 4.0, 2: 5.0, 3: 5.0, 4: 5.0}, 'coef0': {1: 0.0, 2: 0.5, 3: 0.5, 4: 0.0}, 'epsilon': {1: 0.1, 2: 0.1, 3: 5.0, 4: 0.01}}
rbf 	 {'C': {1: 5.0, 2: 7.0, 3: 7.0, 4: 0.01}, 'coef0': {1: -0.1, 2: -0.1, 3: -0.1, 4: -0.1}, 'epsilon': {1: 0.1, 2: 0.1, 3: 5.0, 4: 0.01}}
Number of X_columns: 1122
      linear_mse_coef1  linear_mse_coef2  linear_mse_coef3  linear_mse_coef4
mean          2.439296          1.972136        818.658681          0.015954
min           0.005902          0.023708         13.185618          0.005421
max          22.929766         19.717879       3101.136767          0.052876
Number of X_columns: 1122
      sigmoid_mse_coef1  ...  sigmoid_mse_coef4
mean           2.327638  ...           0.012619
min            0.002866  ...           0.002622
max           21.920495  ...           0.033302

[3 rows x 4 columns]
Number of X_columns: 1122
      poly_mse_coef1  poly_mse_coef2  poly_mse_coef3  poly_mse_coef4
mean        2.319716        1.975527      850.462423        0.013887
min         0.005250        0.023828       10.418630        0.002165
max        21.763335       19.718507     3076.547382        0.038249
Number of X_columns: 1122
      rbf_mse_coef1  rbf_mse_coef2  rbf_mse_coef3  rbf_mse_coef4
mean       2.172402       1.770537     855.857526       0.013579
min        0.006159       0.022320      11.258342       0.002102
max       20.066522      17.428303    3154.431023       0.036257
         linear    sigmoid       poly        rbf
mean   2.439296   2.327638   2.319716   2.172402
min    0.005902   0.002866   0.005250   0.006159
max   22.929766  21.920495  21.763335  20.066522
Coefficient: 1, best kernel: rbf
         linear    sigmoid       poly        rbf
mean   1.972136   1.912524   1.975527   1.770537
min    0.023708   0.007513   0.023828   0.022320
max   19.717879  19.296128  19.718507  17.428303
Coefficient: 2, best kernel: rbf
           linear      sigmoid         poly          rbf
mean   818.658681   845.100703   850.462423   855.857526
min     13.185618    11.611796    10.418630    11.258342
max   3101.136767  3148.356658  3076.547382  3154.431023
Coefficient: 3, best kernel: linear
        linear   sigmoid      poly       rbf
mean  0.015954  0.012619  0.013887  0.013579
min   0.005421  0.002622  0.002165  0.002102
max   0.052876  0.033302  0.038249  0.036257
Coefficient: 4, best kernel: sigmoid
Best Kernels: {1: 'rbf', 2: 'rbf', 3: 'linear', 4: 'sigmoid'}

compared_means

           linear    sigmoid       poly        rbf
coef_1     2.4393    2.32764    2.31972     2.1724
coef_2    1.97214    1.91252    1.97553    1.77054
coef_3    818.659    845.101    850.462    855.858
coef_4  0.0159537  0.0126187  0.0138869  0.0135792
2020-07-20 00:16:58 INFO  ShutdownHookManager:54 - Shutdown hook called
2020-07-20 00:16:58 INFO  ShutdownHookManager:54 - Deleting directory /tmp/spark-f626a5e1-d55f-437d-a9fd-19e5903b6b12
