Conda uses environments to load different sets of Python packages
type conda env list to see the environments availible.
2020-08-03 11:59:48 WARN  NativeCodeLoader:62 - Unable to load native-hadoop library for your platform... using builtin-java classes where applicable
Coefficient 1 ....
170 Shikonin
173 FH535
180 Thapsigargin
200 Dacinostat
219 AT-7519
272 AR-42
273 CUDC-101
274 Belinostat
276 CAY10603
328 SNX-2112
346 THZ-2-102-1
Coefficient 2 ....
170 Shikonin
173 FH535
180 Thapsigargin
200 Dacinostat
219 AT-7519
272 AR-42
273 CUDC-101
274 Belinostat
276 CAY10603
328 SNX-2112
346 THZ-2-102-1
Coefficient 3 ....
170 Shikonin
173 FH535
180 Thapsigargin
200 Dacinostat
219 AT-7519
272 AR-42
273 CUDC-101
274 Belinostat
276 CAY10603
328 SNX-2112
346 THZ-2-102-1
Coefficient 4 ....
170 Shikonin
173 FH535
180 Thapsigargin
200 Dacinostat
219 AT-7519
272 AR-42
273 CUDC-101
274 Belinostat
276 CAY10603
328 SNX-2112
346 THZ-2-102-1
2020-08-03 12:52:20 INFO  ShutdownHookManager:54 - Shutdown hook called
2020-08-03 12:52:20 INFO  ShutdownHookManager:54 - Deleting directory /tmp/spark-c9c561ab-152a-4e86-a435-63fbd8a298ce
