Conda uses environments to load different sets of Python packages
type conda env list to see the environments availible.
2020-07-14 20:03:31 WARN  NativeCodeLoader:62 - Unable to load native-hadoop library for your platform... using builtin-java classes where applicable

Finding optimal parameters for drug profiles, cell lines and drug description
linear kernel, best values for parameter: alpha
{1: 200.0, 2: 100.0, 3: 100.0, 4: 100.0}

linear kernel: Execution time: 60.781 seconds
sigmoid kernel, best values for parameter: gamma
{1: 0.5, 2: 0.5, 3: 1e-05, 4: 0.01}
sigmoid kernel, best values for parameter: alpha
{1: 5.0, 2: 5.0, 3: 1.0, 4: 0.5}
sigmoid kernel, best values for parameter: coef0
{1: -0.1, 2: -0.1, 3: 1.0, 4: 5.0}

sigmoid kernel: Execution time: 144.923 seconds

rbf kernel, best values for parameter: gamma
{1: 1e-05, 2: 1e-05, 3: 1e-04, 4: 1e-04}
rbf kernel, best values for parameter: alpha
{1: 7.0, 2: 5.0, 3: 5.0, 4: 1.0}
rbf kernel, best values for parameter: coef0
{1: -0.1, 2: -0.1, 3: -0.1, 4: -0.1}

rbf kernel: Execution time: 173.556 seconds

polynomial kernel, best values for parameter: gamma
{1: 1e-05, 2: 1e-05, 3: 1e-05, 4: 1e-04}
polynomial kernel, best values for parameter: degree
{1: 1.0, 2: 1.0, 3: 1.0, 4: 5.0}
polynomial kernel, best values for parameter: alpha
{1: 5.0, 2: 1.0, 3: 1.0, 4: 1.0}

polynomial kernel: Execution time: 93.767 seconds
additive_chi2 kernel, best values for parameter: gamma
{1: 1e-05, 2: 1e-05, 3: 1e-05, 4: 1e-05}
additive_chi2 kernel, best values for parameter: alpha
{1: 500.0, 2: 500.0, 3: 300.0, 4: 300.0}
additive_chi2 kernel, best values for parameter: coef0
{1: -0.1, 2: -0.1, 3: -0.1, 4: -0.1}

additive_chi2 kernel: Execution time: 1196.779 seconds

laplacian kernel, best values for parameter: gamma
{1: 1e-05, 2: 1e-05, 3: 1e-04, 4: 1e-04}
laplacian kernel, best values for parameter: alpha
{1: 7.0, 2: 5.0, 3: 5.0, 4: 1.0}
laplacian kernel, best values for parameter: coef0
{1: -0.1, 2: -0.1, 3: -0.1, 4: -0.1}

laplacian kernel: Execution time: 377.904 seconds

Tuned parameters:
{'linear': {'alpha': {1: 200.0, 2: 100.0, 3: 100.0, 4: 100.0}}, 'sigmoid': {'alpha': {1: 5.0, 2: 5.0, 3: 1.0, 4: 0.5}, 'gamma': {1: 0.5, 2: 0.5, 3: 1e-05, 4: 0.01}, 'coef0': {1: -0.1, 2: -0.1, 3: 1.0, 4: 5.0}}, 'rbf': {'alpha': {1: 7.0, 2: 5.0, 3: 5.0, 4: 1.0}, 'gamma': {1: 1e-05, 2: 1e-05, 3: 1e-04, 4: 1e-04}, 'coef0': {1: -0.1, 2: -0.1, 3: -0.1, 4: -0.1}}, 'polynomial': {'alpha': {1: 5.0, 2: 1.0, 3: 1.0, 4: 1.0}, 'gamma': {1: 1e-05, 2: 1e-05, 3: 1e-05, 4: 1e-04}, 'degree': {1: 1.0, 2: 1.0, 3: 1.0, 4: 5.0}}, 'additive_chi2': {'alpha': {1: 500.0, 2: 500.0, 3: 300.0, 4: 300.0}, 'gamma': {1: 1e-05, 2: 1e-05, 3: 1e-05, 4: 1e-05}, 'coef0': {1: -0.1, 2: -0.1, 3: -0.1, 4: -0.1}}, 'laplacian': {'alpha': {1: 7.0, 2: 5.0, 3: 5.0, 4: 1.0}, 'gamma': {1: 1e-05, 2: 1e-05, 3: 1e-04, 4: 1e-04}, 'coef0': {1: -0.1, 2: -0.1, 3: -0.1, 4: -0.1}}}

Better presentation:
linear 	 {'alpha': {1: 200.0, 2: 100.0, 3: 100.0, 4: 100.0}}
sigmoid 	 {'alpha': {1: 5.0, 2: 5.0, 3: 1.0, 4: 0.5}, 'gamma': {1: 0.5, 2: 0.5, 3: 1e-05, 4: 0.01}, 'coef0': {1: -0.1, 2: -0.1, 3: 1.0, 4: 5.0}}
rbf 	 {'alpha': {1: 7.0, 2: 5.0, 3: 5.0, 4: 1.0}, 'gamma': {1: 1e-05, 2: 1e-05, 3: 1e-04, 4: 1e-04}, 'coef0': {1: -0.1, 2: -0.1, 3: -0.1, 4: -0.1}}
polynomial 	 {'alpha': {1: 5.0, 2: 1.0, 3: 1.0, 4: 1.0}, 'gamma': {1: 1e-05, 2: 1e-05, 3: 1e-05, 4: 1e-04}, 'degree': {1: 1.0, 2: 1.0, 3: 1.0, 4: 5.0}}
additive_chi2 	 {'alpha': {1: 500.0, 2: 500.0, 3: 300.0, 4: 300.0}, 'gamma': {1: 1e-05, 2: 1e-05, 3: 1e-05, 4: 1e-05}, 'coef0': {1: -0.1, 2: -0.1, 3: -0.1, 4: -0.1}}
laplacian 	 {'alpha': {1: 7.0, 2: 5.0, 3: 5.0, 4: 1.0}, 'gamma': {1: 1e-05, 2: 1e-05, 3: 1e-04, 4: 1e-04}, 'coef0': {1: -0.1, 2: -0.1, 3: -0.1, 4: -0.1}}
Traceback (most recent call last):
  File "/home/acq18mk/master/short_notebooks/6_parameter_tuning_all.py", line 378, in <module>
    best_kernels = TrainTestBestParameters(df, drug_ids, 4, kernels = kernels_to_test, display_results=False)
  File "/home/acq18mk/master/short_notebooks/6_parameter_tuning_all.py", line 289, in TrainTestBestParameters
    alpha=best_parameters_dict[kernel]["alpha"], 
KeyError: 'linear'
2020-07-14 20:38:08 INFO  ShutdownHookManager:54 - Shutdown hook called
2020-07-14 20:38:08 INFO  ShutdownHookManager:54 - Deleting directory /tmp/spark-78e5de2a-0a04-439d-b05c-3819167a26ae
