Conda uses environments to load different sets of Python packages
type conda env list to see the environments availible.
2020-07-16 18:29:43 WARN  NativeCodeLoader:62 - Unable to load native-hadoop library for your platform... using builtin-java classes where applicable

Finding optimal parameters for drug profiles, cell lines and drug features with scaling

Number of drugs for training: 11
Number of X_columns: 1122
linear kernel, best values for parameter: alpha
{1: 300.0, 2: 200.0, 3: 100.0, 4: 100.0}

linear kernel: Execution time: 62.428 seconds 

Number of X_columns: 1122
sigmoid kernel, best values for parameter: gamma
{1: 0.5, 2: 0.1, 3: 1e-05, 4: 0.01}
Number of X_columns: 1122
sigmoid kernel, best values for parameter: alpha
{1: 5.0, 2: 5.0, 3: 1.0, 4: 0.5}
Number of X_columns: 1122
sigmoid kernel, best values for parameter: coef0
{1: -0.1, 2: 1.0, 3: 1.0, 4: 5.0}

sigmoid kernel: Execution time: 151.993 seconds 

Number of X_columns: 1122
rbf kernel, best values for parameter: gamma
{1: 1e-05, 2: 1e-05, 3: 1e-04, 4: 1e-04}
Number of X_columns: 1122
rbf kernel, best values for parameter: alpha
{1: 7.0, 2: 5.0, 3: 5.0, 4: 1.0}
Number of X_columns: 1122
rbf kernel, best values for parameter: coef0
{1: -0.1, 2: -0.1, 3: -0.1, 4: -0.1}

rbf kernel: Execution time: 179.845 seconds 

Number of X_columns: 1122
polynomial kernel, best values for parameter: gamma
{1: 1e-05, 2: 1e-05, 3: 1e-05, 4: 1e-04}
Number of X_columns: 1122
polynomial kernel, best values for parameter: degree
{1: 1.0, 2: 1.0, 3: 1.0, 4: 5.0}
Number of X_columns: 1122
polynomial kernel, best values for parameter: alpha
{1: 5.0, 2: 1.0, 3: 1.0, 4: 1.0}

polynomial kernel: Execution time: 96.903 seconds 

Number of X_columns: 1122
additive_chi2 kernel, best values for parameter: gamma
{1: 1e-05, 2: 1e-05, 3: 1e-05, 4: 1e-05}
Number of X_columns: 1122
additive_chi2 kernel, best values for parameter: alpha
{1: 500.0, 2: 500.0, 3: 300.0, 4: 300.0}
Number of X_columns: 1122
additive_chi2 kernel, best values for parameter: coef0
{1: -0.1, 2: -0.1, 3: -0.1, 4: -0.1}

additive_chi2 kernel: Execution time: 1223.005 seconds 

Number of X_columns: 1122
laplacian kernel, best values for parameter: gamma
{1: 1e-05, 2: 1e-05, 3: 1e-04, 4: 1e-04}
Number of X_columns: 1122
laplacian kernel, best values for parameter: alpha
{1: 7.0, 2: 5.0, 3: 5.0, 4: 1.0}
Number of X_columns: 1122
laplacian kernel, best values for parameter: coef0
{1: -0.1, 2: -0.1, 3: -0.1, 4: -0.1}

laplacian kernel: Execution time: 409.997 seconds 

Tuned parameters:
{'linear': {'alpha': {1: 300.0, 2: 200.0, 3: 100.0, 4: 100.0}}, 'sigmoid': {'alpha': {1: 5.0, 2: 5.0, 3: 1.0, 4: 0.5}, 'gamma': {1: 0.5, 2: 0.1, 3: 1e-05, 4: 0.01}, 'coef0': {1: -0.1, 2: 1.0, 3: 1.0, 4: 5.0}}, 'rbf': {'alpha': {1: 7.0, 2: 5.0, 3: 5.0, 4: 1.0}, 'gamma': {1: 1e-05, 2: 1e-05, 3: 1e-04, 4: 1e-04}, 'coef0': {1: -0.1, 2: -0.1, 3: -0.1, 4: -0.1}}, 'polynomial': {'alpha': {1: 5.0, 2: 1.0, 3: 1.0, 4: 1.0}, 'gamma': {1: 1e-05, 2: 1e-05, 3: 1e-05, 4: 1e-04}, 'degree': {1: 1.0, 2: 1.0, 3: 1.0, 4: 5.0}}, 'additive_chi2': {'alpha': {1: 500.0, 2: 500.0, 3: 300.0, 4: 300.0}, 'gamma': {1: 1e-05, 2: 1e-05, 3: 1e-05, 4: 1e-05}, 'coef0': {1: -0.1, 2: -0.1, 3: -0.1, 4: -0.1}}, 'laplacian': {'alpha': {1: 7.0, 2: 5.0, 3: 5.0, 4: 1.0}, 'gamma': {1: 1e-05, 2: 1e-05, 3: 1e-04, 4: 1e-04}, 'coef0': {1: -0.1, 2: -0.1, 3: -0.1, 4: -0.1}}}

Better presentation:
linear 	 {'alpha': {1: 300.0, 2: 200.0, 3: 100.0, 4: 100.0}}
sigmoid 	 {'alpha': {1: 5.0, 2: 5.0, 3: 1.0, 4: 0.5}, 'gamma': {1: 0.5, 2: 0.1, 3: 1e-05, 4: 0.01}, 'coef0': {1: -0.1, 2: 1.0, 3: 1.0, 4: 5.0}}
rbf 	 {'alpha': {1: 7.0, 2: 5.0, 3: 5.0, 4: 1.0}, 'gamma': {1: 1e-05, 2: 1e-05, 3: 1e-04, 4: 1e-04}, 'coef0': {1: -0.1, 2: -0.1, 3: -0.1, 4: -0.1}}
polynomial 	 {'alpha': {1: 5.0, 2: 1.0, 3: 1.0, 4: 1.0}, 'gamma': {1: 1e-05, 2: 1e-05, 3: 1e-05, 4: 1e-04}, 'degree': {1: 1.0, 2: 1.0, 3: 1.0, 4: 5.0}}
additive_chi2 	 {'alpha': {1: 500.0, 2: 500.0, 3: 300.0, 4: 300.0}, 'gamma': {1: 1e-05, 2: 1e-05, 3: 1e-05, 4: 1e-05}, 'coef0': {1: -0.1, 2: -0.1, 3: -0.1, 4: -0.1}}
laplacian 	 {'alpha': {1: 7.0, 2: 5.0, 3: 5.0, 4: 1.0}, 'gamma': {1: 1e-05, 2: 1e-05, 3: 1e-04, 4: 1e-04}, 'coef0': {1: -0.1, 2: -0.1, 3: -0.1, 4: -0.1}}
Number of X_columns: 1122
      linear_mse_coef1  linear_mse_coef2  linear_mse_coef3  linear_mse_coef4
mean          3.379788          3.181873       1403.860782          0.968088
min           0.542207          0.478451        205.228928          0.887775
max          25.173017         18.296611       5699.666202          1.049543
Number of X_columns: 1122
      sigmoid_mse_coef1  ...  sigmoid_mse_coef4
mean           4.684552  ...           1.003938
min            0.752989  ...           0.907494
max           36.260962  ...           1.064753

[3 rows x 4 columns]
Number of X_columns: 1122
      rbf_mse_coef1  rbf_mse_coef2  rbf_mse_coef3  rbf_mse_coef4
mean       4.070173       4.366293    1403.859893       1.002342
min        0.703610       0.845050     205.227777       0.906720
max       29.929189      17.210427    5699.666201       1.059800
Number of X_columns: 1122
      polynomial_mse_coef1  ...  polynomial_mse_coef4
mean              4.386546  ...              1.002421
min               0.742930  ...              0.906818
max              32.997228  ...              1.059290

[3 rows x 4 columns]
Number of X_columns: 1122
      additive_chi2_mse_coef1  ...  additive_chi2_mse_coef4
mean                17.968438  ...                 1.019270
min                  1.149120  ...                 0.913939
max                176.179126  ...                 1.105897

[3 rows x 4 columns]
Number of X_columns: 1122
      laplacian_mse_coef1  ...  laplacian_mse_coef4
mean             4.070173  ...             1.002342
min              0.703610  ...             0.906720
max             29.929189  ...             1.059800

[3 rows x 4 columns]
         linear    sigmoid        rbf  polynomial  additive_chi2  laplacian
mean   3.379788   4.684552   4.070173    4.386546      17.968438   4.070173
min    0.542207   0.752989   0.703610    0.742930       1.149120   0.703610
max   25.173017  36.260962  29.929189   32.997228     176.179126  29.929189
Coefficient: 1, best kernel: linear
         linear    sigmoid        rbf  polynomial  additive_chi2  laplacian
mean   3.181873   4.345651   4.366293    4.981466       6.981074   4.366293
min    0.478451   0.844794   0.845050    0.974083       1.659663   0.845050
max   18.296611  17.398714  17.210427   17.142440      17.394087  17.210427
Coefficient: 2, best kernel: linear
           linear      sigmoid  ...  additive_chi2    laplacian
mean  1403.860782  1403.859873  ...    1403.859864  1403.859893
min    205.228928   205.227623  ...     205.227498   205.227777
max   5699.666202  5699.666201  ...    5699.666201  5699.666201

[3 rows x 6 columns]
Coefficient: 3, best kernel: additive_chi2
        linear   sigmoid       rbf  polynomial  additive_chi2  laplacian
mean  0.968088  1.003938  1.002342    1.002421       1.019270   1.002342
min   0.887775  0.907494  0.906720    0.906818       0.913939   0.906720
max   1.049543  1.064753  1.059800    1.059290       1.105897   1.059800
Coefficient: 4, best kernel: linear
Best Kernels: {1: 'linear', 2: 'linear', 3: 'additive_chi2', 4: 'linear'}
2020-07-16 19:05:45 INFO  ShutdownHookManager:54 - Shutdown hook called
2020-07-16 19:05:45 INFO  ShutdownHookManager:54 - Deleting directory /tmp/spark-f4bfd3a7-b564-444a-b33a-5223d78f1251
